2017-02-10T13:18:48.678Z - info: log to file
2017-02-10T13:25:51.507Z - info: log to file
2017-02-10T13:26:33.116Z - info: log to file
2017-02-10T13:26:41.072Z - info: path C is captured by redirect router
2017-02-10T13:26:41.076Z - info: shortUrl is C
2017-02-10T13:28:05.113Z - info: log to file
2017-02-10T13:28:19.946Z - info: log to file
2017-02-10T13:29:32.386Z - info: log to file
2017-02-10T13:29:46.936Z - info: path /C is captured by redirect router
2017-02-10T13:29:46.965Z - info: shortUrl is /C
2017-02-10T13:32:06.912Z - info: log to file
2017-02-10T13:32:15.240Z - info: path /C is captured by redirect router
2017-02-10T13:32:15.243Z - info: shortUrl is /C
2017-02-10T13:32:31.165Z - info: log to file
2017-02-10T13:32:37.391Z - debug: path /C is captured by redirect router
2017-02-10T13:32:37.396Z - debug: shortUrl is /C
2017-02-10T13:36:09.081Z - info: log to file
2017-02-10T13:36:55.043Z - info: log to file
2017-02-10T13:37:10.437Z - info: log to file
2017-02-10T13:37:19.805Z - info: log to file
2017-02-10T13:38:07.507Z - info: log to file
2017-02-10T13:40:47.321Z - info: log to file
2017-02-10T13:41:32.017Z - info: log to file
2017-02-10T13:43:38.343Z - info: log to file
2017-02-10T13:44:56.052Z - info: log to file
2017-02-10T13:45:04.298Z - info: log to file
2017-02-10T13:46:56.469Z - info: log to file
2017-02-10T13:47:45.600Z - info: log to file
2017-02-10T13:56:51.021Z - info: log to file
2017-02-10T13:56:59.547Z - info: log to file
2017-02-10T13:58:10.216Z - info: log to file
2017-02-10T13:58:35.904Z - info: log to file
2017-02-10T14:00:10.375Z - info: log to file
2017-02-11T05:49:31.775Z - info: log to file
2017-02-11T05:55:26.105Z - info: log to file
2017-02-11T05:55:56.130Z - info: log to file
2017-02-11T06:04:55.911Z - info: log to file
2017-02-11T06:05:18.658Z - info: log to file
2017-02-11T06:16:52.529Z - info: log to file
2017-09-11T15:13:00.148Z - info: log to file
2017-09-11T19:21:17.894Z - info: log to file
2017-09-11T19:21:23.111Z - info: log to file
2017-09-11T19:32:56.056Z - info: log to file
2017-09-11T19:33:40.424Z - info: log to file
2017-09-12T02:05:28.702Z - info: log to file
2017-09-12T02:06:32.149Z - info: log to file
2017-09-12T02:12:26.741Z - info: log to file
2017-09-12T02:50:33.493Z - info: log to file
2017-09-12T02:52:08.636Z - info: log to file
2017-09-12T21:49:41.059Z - info: log to file
2017-09-12T21:52:58.055Z - info: log to file
2017-09-12T19:05:26.341Z - info: log to file
2017-09-12T19:06:17.762Z - info: log to file
2017-09-12T19:06:17.762Z - info: log to file
2017-09-12T19:07:02.944Z - info: log to file
2017-09-12T19:07:02.974Z - info: log to file
2017-09-12T19:07:06.002Z - info: log to file
2017-09-12T19:07:06.008Z - info: log to file
2017-09-12T19:08:06.312Z - info: log to file
2017-09-12T19:10:48.205Z - info: log to file
2017-09-12T19:11:09.589Z - info: log to file
2017-09-12T19:19:28.646Z - info: log to file
2017-09-12T19:19:30.519Z - info: log to file
2017-09-12T19:24:45.908Z - info: log to file
2017-09-12T19:26:18.109Z - info: log to file
2017-09-12T19:30:57.048Z - info: log to file
2017-09-12T19:31:00.866Z - info: log to file
2017-09-12T19:31:22.338Z - info: log to file
2017-09-12T19:32:57.932Z - info: log to file
2017-09-12T19:41:23.155Z - info: log to file
2017-09-12T19:42:42.713Z - info: log to file
2017-09-12T19:43:01.373Z - info: log to file
2017-09-12T19:54:26.184Z - info: log to file
2017-09-12T19:55:57.237Z - info: log to file
2017-09-12T20:06:31.625Z - info: log to file
2017-09-12T20:08:27.844Z - info: log to file
2017-09-12T20:10:16.841Z - info: log to file
2017-09-12T20:10:29.487Z - info: log to file
2017-09-12T20:11:09.898Z - info: log to file
2017-09-12T20:13:01.238Z - info: log to file
2017-09-12T20:15:53.045Z - info: log to file
2017-09-12T20:17:17.984Z - info: log to file
2017-09-12T20:18:07.192Z - info: log to file
2017-09-12T20:18:36.227Z - info: log to file
2017-09-12T20:20:06.934Z - info: log to file
2017-09-12T20:24:09.736Z - info: log to file
2017-09-12T20:24:27.429Z - info: log to file
2017-09-12T20:45:14.722Z - info: log to file
2017-09-12T20:45:28.047Z - info: log to file
2017-09-12T20:49:02.640Z - info: log to file
2017-09-12T20:49:05.892Z - info: log to file
2017-09-12T20:50:39.242Z - info: log to file
2017-09-12T20:51:30.068Z - info: log to file
2017-09-12T20:51:47.089Z - info: log to file
2017-09-12T20:52:17.343Z - info: log to file
2017-09-12T20:52:28.092Z - info: log to file
2017-09-12T22:13:03.424Z - info: log to file
2017-09-12T22:13:25.197Z - info: log to file
2017-09-12T22:14:58.309Z - info: log to file
2017-09-12T22:15:33.225Z - info: log to file
2017-09-12T22:19:45.136Z - info: log to file
2017-09-12T22:20:17.547Z - info: log to file
2017-09-12T22:21:24.716Z - info: log to file
2017-09-12T22:22:02.031Z - info: log to file
2017-09-12T22:22:20.442Z - info: log to file
2017-09-12T22:23:00.132Z - info: log to file
2017-09-12T22:23:50.667Z - info: log to file
2017-09-12T22:25:06.542Z - info: log to file
2017-09-12T22:25:53.426Z - info: log to file
2017-09-12T23:58:03.940Z - info: log to file
2017-09-12T23:58:45.580Z - info: log to file
2017-09-13T00:01:04.995Z - info: log to file
2017-09-13T00:53:55.878Z - info: log to file
2017-09-13T00:55:39.647Z - info: log to file
2017-09-13T00:57:39.263Z - info: log to file
2017-09-13T00:58:41.394Z - info: log to file
2017-09-13T00:58:48.499Z - info: log to file
2017-09-13T01:02:03.099Z - info: log to file
2017-09-13T01:02:35.833Z - info: log to file
2017-09-13T01:06:10.897Z - info: log to file
2017-09-13T01:12:52.798Z - info: log to file
2017-09-13T01:14:23.701Z - info: log to file
2017-09-13T01:14:36.021Z - info: log to file
2017-09-13T01:15:25.064Z - info: log to file
2017-09-13T01:15:49.097Z - info: log to file
2017-09-13T01:18:02.023Z - info: log to file
2017-09-13T01:18:56.557Z - info: log to file
2017-09-13T01:19:08.185Z - info: log to file
2017-09-13T01:19:16.871Z - info: log to file
2017-09-13T01:19:46.404Z - info: log to file
2017-09-13T01:19:48.917Z - info: log to file
2017-09-13T01:20:20.882Z - info: log to file
2017-09-13T01:22:15.037Z - info: log to file
2017-09-13T01:22:41.535Z - info: log to file
2017-09-13T01:23:23.022Z - info: log to file
2017-09-13T01:23:45.346Z - info: log to file
2017-09-13T01:24:06.415Z - info: log to file
2017-09-13T01:24:10.784Z - info: log to file
2017-09-13T01:25:09.353Z - info: log to file
2017-09-13T01:25:18.885Z - info: log to file
2017-09-13T01:27:24.215Z - info: log to file
2017-09-13T01:27:38.572Z - info: log to file
2017-09-13T01:28:16.517Z - info: log to file
2017-09-13T01:28:30.788Z - info: log to file
2017-09-13T01:28:53.953Z - info: log to file
2017-09-13T01:30:05.301Z - info: log to file
2017-09-13T01:31:06.262Z - info: log to file
2017-09-13T01:31:28.895Z - info: log to file
2017-09-13T01:31:31.170Z - info: log to file
2017-09-13T01:32:37.222Z - info: log to file
2017-09-13T01:33:23.165Z - info: log to file
2017-09-13T01:34:32.451Z - info: log to file
2017-09-13T01:35:23.182Z - info: log to file
2017-09-13T01:35:33.991Z - info: log to file
2017-09-13T01:36:16.425Z - info: log to file
2017-09-13T01:37:24.310Z - info: log to file
2017-09-13T01:37:25.678Z - info: log to file
2017-09-13T01:37:52.386Z - info: log to file
2017-09-13T01:37:54.289Z - info: log to file
2017-09-13T01:39:27.627Z - info: log to file
2017-09-13T01:40:01.769Z - info: log to file
2017-09-13T01:40:05.551Z - info: log to file
2017-09-13T01:40:28.737Z - info: log to file
2017-09-13T01:40:33.567Z - info: log to file
2017-09-13T01:41:01.762Z - info: log to file
2017-09-13T01:41:35.521Z - info: log to file
2017-09-13T01:41:44.795Z - info: log to file
2017-09-13T01:42:25.840Z - info: log to file
2017-09-13T01:45:32.188Z - info: log to file
2017-09-13T01:45:58.461Z - info: log to file
2017-09-13T01:46:17.358Z - info: log to file
2017-09-13T01:47:26.305Z - info: log to file
2017-09-13T01:48:06.396Z - info: log to file
2017-09-13T01:54:17.876Z - info: log to file
2017-09-13T01:54:57.286Z - info: log to file
2017-09-13T01:55:28.696Z - info: log to file
2017-09-13T01:56:03.440Z - info: log to file
2017-09-13T01:57:23.823Z - info: log to file
2017-09-13T01:58:01.992Z - info: log to file
2017-09-13T02:00:36.204Z - info: log to file
2017-09-13T02:00:59.586Z - info: log to file
2017-09-13T02:01:17.254Z - info: log to file
2017-09-13T02:01:35.753Z - info: log to file
2017-09-13T02:01:43.631Z - info: log to file
2017-09-13T02:01:59.298Z - info: log to file
2017-09-13T02:03:41.105Z - info: log to file
2017-09-13T02:04:08.042Z - info: log to file
2017-09-13T02:07:06.924Z - info: log to file
